<?xml version="1.0" encoding="UTF-8"?>
<!-- Generated by org.testng.reporters.JUnitXMLReporter -->
<testsuite hostname="DESKTOP-JLKBKOP" failures="0" tests="2" name="Test" time="0.096" errors="0" timestamp="12 Oct 2020 17:11:38 GMT">
  <testcase classname="com.selenium.tests.TestCustomerForm" name="@BeforeClass setUp" time="0.0">
    <failure type="java.lang.IllegalStateException" message="The driver executable does not exist: C:\AssessmentWorkspace\Customer Registration\chromedriver.exe">
      <![CDATA[java.lang.IllegalStateException: The driver executable does not exist: C:\AssessmentWorkspace\Customer Registration\chromedriver.exe
	at com.google.common.base.Preconditions.checkState(Preconditions.java:585)
	at org.openqa.selenium.remote.service.DriverService.checkExecutable(DriverService.java:137)
	at org.openqa.selenium.remote.service.DriverService.findExecutable(DriverService.java:132)
	at org.openqa.selenium.chrome.ChromeDriverService.access$000(ChromeDriverService.java:35)
	at org.openqa.selenium.chrome.ChromeDriverService$Builder.findDefaultExecutable(ChromeDriverService.java:156)
	at org.openqa.selenium.remote.service.DriverService$Builder.build(DriverService.java:346)
	at org.openqa.selenium.chrome.ChromeDriverService.createDefaultService(ChromeDriverService.java:91)
	at org.openqa.selenium.chrome.ChromeDriver.<init>(ChromeDriver.java:123)
	at com.selenium.setup.DriverSetup.getDriver(DriverSetup.java:19)
	at com.selenium.tests.TestCustomerForm.setUp(TestCustomerForm.java:47)
... Removed 24 stack frames]]>
    </failure>
  </testcase> <!-- @BeforeClass setUp -->
  <testcase classname="com.selenium.tests.TestCustomerForm" name="@AfterClass closeBrowser" time="0.0">
    <skipped/>
  </testcase> <!-- @AfterClass closeBrowser -->
  <testcase classname="com.selenium.tests.TestDisplayCustomer" name="@BeforeClass setUp" time="0.0">
    <failure type="java.lang.IllegalStateException" message="The driver executable does not exist: C:\AssessmentWorkspace\Customer Registration\chromedriver.exe">
      <![CDATA[java.lang.IllegalStateException: The driver executable does not exist: C:\AssessmentWorkspace\Customer Registration\chromedriver.exe
	at com.google.common.base.Preconditions.checkState(Preconditions.java:585)
	at org.openqa.selenium.remote.service.DriverService.checkExecutable(DriverService.java:137)
	at org.openqa.selenium.remote.service.DriverService.findExecutable(DriverService.java:132)
	at org.openqa.selenium.chrome.ChromeDriverService.access$000(ChromeDriverService.java:35)
	at org.openqa.selenium.chrome.ChromeDriverService$Builder.findDefaultExecutable(ChromeDriverService.java:156)
	at org.openqa.selenium.remote.service.DriverService$Builder.build(DriverService.java:346)
	at org.openqa.selenium.chrome.ChromeDriverService.createDefaultService(ChromeDriverService.java:91)
	at org.openqa.selenium.chrome.ChromeDriver.<init>(ChromeDriver.java:123)
	at com.selenium.setup.DriverSetup.getDriver(DriverSetup.java:19)
	at com.selenium.tests.TestDisplayCustomer.setUp(TestDisplayCustomer.java:45)
... Removed 24 stack frames]]>
    </failure>
  </testcase> <!-- @BeforeClass setUp -->
  <testcase classname="com.selenium.tests.TestDisplayCustomer" name="@AfterClass closeBrowser" time="0.0">
    <skipped/>
  </testcase> <!-- @AfterClass closeBrowser -->
  <testcase classname="com.selenium.tests.TestCustomerForm" name="testInvalidCustomerDetails" time="0.001">
    <skipped/>
  </testcase> <!-- testInvalidCustomerDetails -->
  <testcase classname="com.selenium.tests.TestDisplayCustomer" name="testValidCustomerDetails" time="0.001">
    <skipped/>
  </testcase> <!-- testValidCustomerDetails -->
</testsuite> <!-- Test -->
