<?xml version="1.0" encoding="UTF-8"?>
<testng-results ignored="0" total="6" passed="5" failed="1" skipped="0">
  <reporter-output>
  </reporter-output>
  <suite started-at="2023-01-09T07:07:31 EST" name="Suite" finished-at="2023-01-09T07:08:45 EST" duration-ms="74034">
    <groups>
      <group name="Purchase">
        <method signature="SubmitOrderTest.submitorder(java.util.HashMap)[pri:0, instance:testNGframeWork.test.SubmitOrderTest@58cbafc2]" name="submitorder" class="testNGframeWork.test.SubmitOrderTest"/>
      </group> <!-- Purchase -->
      <group name="errorHandling">
        <method signature="ErrorValidation.LoginerrorValidation()[pri:0, instance:testNGframeWork.test.ErrorValidation@273444fe]" name="LoginerrorValidation" class="testNGframeWork.test.ErrorValidation"/>
      </group> <!-- errorHandling -->
    </groups>
    <test started-at="2023-01-09T07:07:31 EST" name="Error Validation" finished-at="2023-01-09T07:08:04 EST" duration-ms="33089">
      <class name="testNGframeWork.test.ErrorValidation">
        <test-method is-config="true" signature="launchApplication()[pri:0, instance:testNGframeWork.test.ErrorValidation@273444fe]" started-at="2023-01-09T07:07:31 EST" name="launchApplication" finished-at="2023-01-09T07:07:38 EST" duration-ms="6621" status="PASS">
          <reporter-output>
          </reporter-output>
        </test-method> <!-- launchApplication -->
        <test-method signature="LoginerrorValidation()[pri:0, instance:testNGframeWork.test.ErrorValidation@273444fe]" started-at="2023-01-09T07:07:38 EST" name="LoginerrorValidation" finished-at="2023-01-09T07:07:39 EST" duration-ms="964" status="PASS">
          <reporter-output>
          </reporter-output>
        </test-method> <!-- LoginerrorValidation -->
        <test-method is-config="true" signature="tearDown()[pri:0, instance:testNGframeWork.test.ErrorValidation@273444fe]" started-at="2023-01-09T07:07:39 EST" name="tearDown" finished-at="2023-01-09T07:07:39 EST" duration-ms="148" status="PASS">
          <reporter-output>
          </reporter-output>
        </test-method> <!-- tearDown -->
        <test-method is-config="true" signature="launchApplication()[pri:0, instance:testNGframeWork.test.ErrorValidation@273444fe]" started-at="2023-01-09T07:07:39 EST" name="launchApplication" finished-at="2023-01-09T07:07:44 EST" duration-ms="5459" status="PASS">
          <reporter-output>
          </reporter-output>
        </test-method> <!-- launchApplication -->
        <test-method signature="ProducterrorValidation()[pri:0, instance:testNGframeWork.test.ErrorValidation@273444fe]" started-at="2023-01-09T07:07:44 EST" name="ProducterrorValidation" finished-at="2023-01-09T07:07:48 EST" duration-ms="3381" status="FAIL">
          <exception class="java.lang.AssertionError">
            <message>
              <![CDATA[expected [true] but found [false]]]>
            </message>
            <full-stacktrace>
              <![CDATA[java.lang.AssertionError: expected [true] but found [false]
at org.testng.Assert.fail(Assert.java:99)
at org.testng.Assert.failNotEquals(Assert.java:1037)
at org.testng.Assert.assertTrue(Assert.java:45)
at org.testng.Assert.assertTrue(Assert.java:55)
at testNGframeWork.test.ErrorValidation.ProducterrorValidation(ErrorValidation.java:39)
at java.base/jdk.internal.reflect.NativeMethodAccessorImpl.invoke0(Native Method)
at java.base/jdk.internal.reflect.NativeMethodAccessorImpl.invoke(NativeMethodAccessorImpl.java:62)
at java.base/jdk.internal.reflect.DelegatingMethodAccessorImpl.invoke(DelegatingMethodAccessorImpl.java:43)
at java.base/java.lang.reflect.Method.invoke(Method.java:567)
at org.testng.internal.MethodInvocationHelper.invokeMethod(MethodInvocationHelper.java:132)
at org.testng.internal.TestInvoker.invokeMethod(TestInvoker.java:599)
at org.testng.internal.TestInvoker.invokeTestMethod(TestInvoker.java:174)
at org.testng.internal.MethodRunner.runInSequence(MethodRunner.java:46)
at org.testng.internal.TestInvoker$MethodInvocationAgent.invoke(TestInvoker.java:822)
at org.testng.internal.TestInvoker.invokeTestMethods(TestInvoker.java:147)
at org.testng.internal.TestMethodWorker.invokeTestMethods(TestMethodWorker.java:146)
at org.testng.internal.TestMethodWorker.run(TestMethodWorker.java:128)
at java.base/java.util.ArrayList.forEach(ArrayList.java:1507)
at org.testng.TestRunner.privateRun(TestRunner.java:764)
at org.testng.TestRunner.run(TestRunner.java:585)
at org.testng.SuiteRunner.runTest(SuiteRunner.java:384)
at org.testng.SuiteRunner.access$000(SuiteRunner.java:28)
at org.testng.SuiteRunner$SuiteWorker.run(SuiteRunner.java:425)
at org.testng.internal.thread.ThreadUtil.lambda$execute$0(ThreadUtil.java:66)
at java.base/java.util.concurrent.FutureTask.run(FutureTask.java:264)
at java.base/java.util.concurrent.ThreadPoolExecutor.runWorker(ThreadPoolExecutor.java:1128)
at java.base/java.util.concurrent.ThreadPoolExecutor$Worker.run(ThreadPoolExecutor.java:628)
at java.base/java.lang.Thread.run(Thread.java:830)
]]>
            </full-stacktrace>
          </exception> <!-- java.lang.AssertionError -->
          <reporter-output>
          </reporter-output>
        </test-method> <!-- ProducterrorValidation -->
        <test-method is-config="true" signature="tearDown()[pri:0, instance:testNGframeWork.test.ErrorValidation@273444fe]" started-at="2023-01-09T07:07:48 EST" name="tearDown" finished-at="2023-01-09T07:08:04 EST" duration-ms="16224" status="PASS">
          <reporter-output>
          </reporter-output>
        </test-method> <!-- tearDown -->
      </class> <!-- testNGframeWork.test.ErrorValidation -->
    </test> <!-- Error Validation -->
    <test started-at="2023-01-09T07:07:31 EST" name="Submit Order" finished-at="2023-01-09T07:08:45 EST" duration-ms="74033">
      <class name="testNGframeWork.test.SubmitOrderTest">
        <test-method is-config="true" signature="launchApplication()[pri:0, instance:testNGframeWork.test.SubmitOrderTest@58cbafc2]" started-at="2023-01-09T07:07:31 EST" name="launchApplication" finished-at="2023-01-09T07:07:38 EST" duration-ms="6257" status="PASS">
          <reporter-output>
          </reporter-output>
        </test-method> <!-- launchApplication -->
        <test-method signature="submitorder(java.util.HashMap)[pri:0, instance:testNGframeWork.test.SubmitOrderTest@58cbafc2]" started-at="2023-01-09T07:07:38 EST" name="submitorder" data-provider="getData" finished-at="2023-01-09T07:07:46 EST" duration-ms="7897" status="PASS">
          <params>
            <param index="0">
              <value>
                <![CDATA[{password=Iamking@000, product=zara coat 3, email=anshika@gmail.com}]]>
              </value>
            </param>
          </params>
          <reporter-output>
          </reporter-output>
        </test-method> <!-- submitorder -->
        <test-method is-config="true" signature="tearDown()[pri:0, instance:testNGframeWork.test.SubmitOrderTest@58cbafc2]" started-at="2023-01-09T07:07:46 EST" name="tearDown" finished-at="2023-01-09T07:07:46 EST" duration-ms="147" status="PASS">
          <reporter-output>
          </reporter-output>
        </test-method> <!-- tearDown -->
        <test-method is-config="true" signature="launchApplication()[pri:0, instance:testNGframeWork.test.SubmitOrderTest@58cbafc2]" started-at="2023-01-09T07:07:46 EST" name="launchApplication" finished-at="2023-01-09T07:07:51 EST" duration-ms="5253" status="PASS">
          <reporter-output>
          </reporter-output>
        </test-method> <!-- launchApplication -->
        <test-method signature="submitorder(java.util.HashMap)[pri:0, instance:testNGframeWork.test.SubmitOrderTest@58cbafc2]" started-at="2023-01-09T07:07:51 EST" name="submitorder" data-provider="getData" finished-at="2023-01-09T07:07:59 EST" duration-ms="8014" status="PASS">
          <params>
            <param index="0">
              <value>
                <![CDATA[{password=Iamexpert@000, product=adidas original, email=seltester@gmail.com}]]>
              </value>
            </param>
          </params>
          <reporter-output>
          </reporter-output>
        </test-method> <!-- submitorder -->
        <test-method is-config="true" signature="tearDown()[pri:0, instance:testNGframeWork.test.SubmitOrderTest@58cbafc2]" started-at="2023-01-09T07:07:59 EST" name="tearDown" finished-at="2023-01-09T07:08:15 EST" duration-ms="16201" status="PASS">
          <reporter-output>
          </reporter-output>
        </test-method> <!-- tearDown -->
        <test-method is-config="true" signature="launchApplication()[pri:0, instance:testNGframeWork.test.SubmitOrderTest@58cbafc2]" started-at="2023-01-09T07:08:15 EST" name="launchApplication" finished-at="2023-01-09T07:08:20 EST" duration-ms="5148" status="PASS">
          <reporter-output>
          </reporter-output>
        </test-method> <!-- launchApplication -->
        <test-method signature="OrderHistoryTest(java.util.HashMap)[pri:0, instance:testNGframeWork.test.SubmitOrderTest@58cbafc2]" started-at="2023-01-09T07:08:20 EST" name="OrderHistoryTest" data-provider="getData" finished-at="2023-01-09T07:08:22 EST" depends-on-methods="testNGframeWork.test.SubmitOrderTest.submitorder" duration-ms="1468" status="PASS">
          <params>
            <param index="0">
              <value>
                <![CDATA[{password=Iamking@000, product=zara coat 3, email=anshika@gmail.com}]]>
              </value>
            </param>
          </params>
          <reporter-output>
          </reporter-output>
        </test-method> <!-- OrderHistoryTest -->
        <test-method is-config="true" signature="tearDown()[pri:0, instance:testNGframeWork.test.SubmitOrderTest@58cbafc2]" started-at="2023-01-09T07:08:22 EST" name="tearDown" finished-at="2023-01-09T07:08:38 EST" duration-ms="16215" status="PASS">
          <reporter-output>
          </reporter-output>
        </test-method> <!-- tearDown -->
        <test-method is-config="true" signature="launchApplication()[pri:0, instance:testNGframeWork.test.SubmitOrderTest@58cbafc2]" started-at="2023-01-09T07:08:38 EST" name="launchApplication" finished-at="2023-01-09T07:08:43 EST" duration-ms="5255" status="PASS">
          <reporter-output>
          </reporter-output>
        </test-method> <!-- launchApplication -->
        <test-method signature="OrderHistoryTest(java.util.HashMap)[pri:0, instance:testNGframeWork.test.SubmitOrderTest@58cbafc2]" started-at="2023-01-09T07:08:43 EST" name="OrderHistoryTest" data-provider="getData" finished-at="2023-01-09T07:08:45 EST" depends-on-methods="testNGframeWork.test.SubmitOrderTest.submitorder" duration-ms="1681" status="PASS">
          <params>
            <param index="0">
              <value>
                <![CDATA[{password=Iamexpert@000, product=adidas original, email=seltester@gmail.com}]]>
              </value>
            </param>
          </params>
          <reporter-output>
          </reporter-output>
        </test-method> <!-- OrderHistoryTest -->
        <test-method is-config="true" signature="tearDown()[pri:0, instance:testNGframeWork.test.SubmitOrderTest@58cbafc2]" started-at="2023-01-09T07:08:45 EST" name="tearDown" finished-at="2023-01-09T07:08:45 EST" duration-ms="57" status="PASS">
          <reporter-output>
          </reporter-output>
        </test-method> <!-- tearDown -->
      </class> <!-- testNGframeWork.test.SubmitOrderTest -->
    </test> <!-- Submit Order -->
  </suite> <!-- Suite -->
</testng-results>
